<?xml version="1.0" encoding="UTF-8"?>
<!-- Generated by org.testng.reporters.JUnitXMLReporter -->
<testsuite ignored="0" hostname="LAPTOP-0M1LMKLU" failures="1" tests="8" name="Automation Test Cases" time="1.934" errors="0" timestamp="13 Apr 2023 11:03:12 GMT">
  <testcase classname="com.api.tests.TestAPIScript" name="ValidateStatusCodeGetUsers" time="0.818"/>
  <testcase classname="com.api.tests.TestAPIScript" name="ValidateStatusCodeGetUsersHeaders" time="0.153"/>
  <testcase classname="com.api.tests.TestAPIScript" name="ValidateStatusCodeGetUsersQueryParam" time="0.157"/>
  <testcase classname="com.api.tests.TestAPIScript" name="ValidateStatusCodeGetUsersResponseBody" time="0.114">
    <skipped/>
  </testcase> <!-- ValidateStatusCodeGetUsersResponseBody -->
  <testcase classname="com.api.tests.TestAPIScript" name="ValidateStatusCodeGetUsersResponseBody" time="0.141">
    <skipped/>
  </testcase> <!-- ValidateStatusCodeGetUsersResponseBody -->
  <testcase classname="com.api.tests.TestAPIScript" name="ValidateStatusCodeGetUsersResponseBody" time="0.151">
    <skipped/>
  </testcase> <!-- ValidateStatusCodeGetUsersResponseBody -->
  <testcase classname="com.api.tests.TestAPIScript" name="ValidateStatusCodeGetUsersResponseBody" time="0.166">
    <failure type="java.lang.AssertionError" message="expected [201] but found [200]">
      <![CDATA[java.lang.AssertionError: expected [201] but found [200]at com.api.tests.TestAPIScript.ValidateStatusCodeGetUsersResponseBody(TestAPIScript.java:45)... Removed 31 stack frames]]>
    </failure>
  </testcase> <!-- ValidateStatusCodeGetUsersResponseBody -->
  <testcase classname="com.api.tests.TestAPIScript" name="ValidateStatusCodePathParams" time="0.201"/>
</testsuite> <!-- Automation Test Cases -->
