<?xml version="1.0" encoding="UTF-8"?>
<testng-results ignored="0" total="8" passed="4" failed="1" skipped="3">
  <reporter-output>
  </reporter-output>
  <suite started-at="2023-04-13T11:03:10Z" name="API Automation Smoke Suite" finished-at="2023-04-13T11:03:12Z" duration-ms="1934">
    <groups>
      <group name="RegressionSuite">
        <method signature="TestAPIScript.ValidateStatusCodeGetUsers()[pri:0, instance:com.api.tests.TestAPIScript@301eda63]" name="ValidateStatusCodeGetUsers" class="com.api.tests.TestAPIScript"/>
        <method signature="TestAPIScript.ValidateStatusCodePathParams()[pri:0, instance:com.api.tests.TestAPIScript@301eda63]" name="ValidateStatusCodePathParams" class="com.api.tests.TestAPIScript"/>
      </group> <!-- RegressionSuite -->
      <group name="SmokeSuite">
        <method signature="TestAPIScript.ValidateStatusCodeGetUsers()[pri:0, instance:com.api.tests.TestAPIScript@301eda63]" name="ValidateStatusCodeGetUsers" class="com.api.tests.TestAPIScript"/>
        <method signature="TestAPIScript.ValidateStatusCodeGetUsersHeaders()[pri:0, instance:com.api.tests.TestAPIScript@301eda63]" name="ValidateStatusCodeGetUsersHeaders" class="com.api.tests.TestAPIScript"/>
        <method signature="TestAPIScript.ValidateStatusCodeGetUsersQueryParam()[pri:0, instance:com.api.tests.TestAPIScript@301eda63]" name="ValidateStatusCodeGetUsersQueryParam" class="com.api.tests.TestAPIScript"/>
        <method signature="TestAPIScript.ValidateStatusCodeGetUsersResponseBody()[pri:0, instance:com.api.tests.TestAPIScript@301eda63]" name="ValidateStatusCodeGetUsersResponseBody" class="com.api.tests.TestAPIScript"/>
      </group> <!-- SmokeSuite -->
    </groups>
    <test started-at="2023-04-13T11:03:10Z" name="Automation Test Cases" finished-at="2023-04-13T11:03:12Z" duration-ms="1934">
      <class name="com.api.tests.TestAPIScript">
        <test-method is-config="true" signature="config(java.lang.String, java.lang.String)[pri:0, instance:com.api.tests.TestAPIScript@301eda63]" started-at="2023-04-13T13:03:10Z" name="config" finished-at="2023-04-13T13:03:10Z" duration-ms="172" status="PASS">
          <params>
            <param index="0">
              <value>
                <![CDATA[Optional name Automation]]>
              </value>
            </param>
            <param index="1">
              <value>
                <![CDATA[API Report]]>
              </value>
            </param>
          </params>
          <reporter-output>
          </reporter-output>
        </test-method> <!-- config -->
        <test-method signature="ValidateStatusCodeGetUsers()[pri:0, instance:com.api.tests.TestAPIScript@301eda63]" started-at="2023-04-13T13:03:10Z" name="ValidateStatusCodeGetUsers" description="Validate status code for Get Users endpoint" finished-at="2023-04-13T13:03:11Z" duration-ms="818" status="PASS">
          <reporter-output>
          </reporter-output>
        </test-method> <!-- ValidateStatusCodeGetUsers -->
        <test-method is-config="true" signature="getResult(org.testng.ITestResult)[pri:0, instance:com.api.tests.TestAPIScript@301eda63]" started-at="2023-04-13T13:03:11Z" name="getResult" finished-at="2023-04-13T13:03:11Z" duration-ms="2" status="PASS">
          <params>
            <param index="0">
              <value>
                <![CDATA[[TestResult name=ValidateStatusCodeGetUsers status=SUCCESS method=TestAPIScript.ValidateStatusCodeGetUsers()[pri:0, instance:com.api.tests.TestAPIScript@301eda63] output={null}]]]>
              </value>
            </param>
          </params>
          <reporter-output>
          </reporter-output>
        </test-method> <!-- getResult -->
        <test-method signature="ValidateStatusCodeGetUsersHeaders()[pri:0, instance:com.api.tests.TestAPIScript@301eda63]" started-at="2023-04-13T13:03:11Z" name="ValidateStatusCodeGetUsersHeaders" description="Validate status code for Get Users endpoint Using Headers" finished-at="2023-04-13T13:03:11Z" duration-ms="153" status="PASS">
          <reporter-output>
          </reporter-output>
        </test-method> <!-- ValidateStatusCodeGetUsersHeaders -->
        <test-method is-config="true" signature="getResult(org.testng.ITestResult)[pri:0, instance:com.api.tests.TestAPIScript@301eda63]" started-at="2023-04-13T13:03:11Z" name="getResult" finished-at="2023-04-13T13:03:11Z" duration-ms="0" status="PASS">
          <params>
            <param index="0">
              <value>
                <![CDATA[[TestResult name=ValidateStatusCodeGetUsersHeaders status=SUCCESS method=TestAPIScript.ValidateStatusCodeGetUsersHeaders()[pri:0, instance:com.api.tests.TestAPIScript@301eda63] output={null}]]]>
              </value>
            </param>
          </params>
          <reporter-output>
          </reporter-output>
        </test-method> <!-- getResult -->
        <test-method signature="ValidateStatusCodeGetUsersQueryParam()[pri:0, instance:com.api.tests.TestAPIScript@301eda63]" started-at="2023-04-13T13:03:11Z" name="ValidateStatusCodeGetUsersQueryParam" description="Validate status code for Get Users endpoint with QueryParam" finished-at="2023-04-13T13:03:11Z" duration-ms="157" status="PASS">
          <reporter-output>
          </reporter-output>
        </test-method> <!-- ValidateStatusCodeGetUsersQueryParam -->
        <test-method is-config="true" signature="getResult(org.testng.ITestResult)[pri:0, instance:com.api.tests.TestAPIScript@301eda63]" started-at="2023-04-13T13:03:11Z" name="getResult" finished-at="2023-04-13T13:03:11Z" duration-ms="0" status="PASS">
          <params>
            <param index="0">
              <value>
                <![CDATA[[TestResult name=ValidateStatusCodeGetUsersQueryParam status=SUCCESS method=TestAPIScript.ValidateStatusCodeGetUsersQueryParam()[pri:0, instance:com.api.tests.TestAPIScript@301eda63] output={null}]]]>
              </value>
            </param>
          </params>
          <reporter-output>
          </reporter-output>
        </test-method> <!-- getResult -->
        <test-method signature="ValidateStatusCodeGetUsersResponseBody()[pri:0, instance:com.api.tests.TestAPIScript@301eda63]" started-at="2023-04-13T13:03:11Z" name="ValidateStatusCodeGetUsersResponseBody" description="Validate response body &amp; status code for Get User endpoint" finished-at="2023-04-13T13:03:12Z" duration-ms="114" status="SKIP">
          <exception class="java.lang.AssertionError">
            <message>
              <![CDATA[expected [201] but found [200]]]>
            </message>
            <full-stacktrace>
              <![CDATA[java.lang.AssertionError: expected [201] but found [200]at org.testng.Assert.fail(Assert.java:96)at org.testng.Assert.failNotEquals(Assert.java:776)at org.testng.Assert.assertEqualsImpl(Assert.java:137)at org.testng.Assert.assertEquals(Assert.java:118)at org.testng.Assert.assertEquals(Assert.java:652)at org.testng.Assert.assertEquals(Assert.java:662)at com.api.tests.TestAPIScript.ValidateStatusCodeGetUsersResponseBody(TestAPIScript.java:45)at java.base/jdk.internal.reflect.NativeMethodAccessorImpl.invoke0(Native Method)at java.base/jdk.internal.reflect.NativeMethodAccessorImpl.invoke(NativeMethodAccessorImpl.java:77)at java.base/jdk.internal.reflect.DelegatingMethodAccessorImpl.invoke(DelegatingMethodAccessorImpl.java:43)at java.base/java.lang.reflect.Method.invoke(Method.java:568)at org.testng.internal.MethodInvocationHelper.invokeMethod(MethodInvocationHelper.java:124)at org.testng.internal.Invoker.invokeMethod(Invoker.java:571)at org.testng.internal.Invoker.invokeTestMethod(Invoker.java:707)at org.testng.internal.Invoker.invokeTestMethods(Invoker.java:979)at org.testng.internal.TestMethodWorker.invokeTestMethods(TestMethodWorker.java:125)at org.testng.internal.TestMethodWorker.run(TestMethodWorker.java:109)at org.testng.TestRunner.privateRun(TestRunner.java:648)at org.testng.TestRunner.run(TestRunner.java:505)at org.testng.SuiteRunner.runTest(SuiteRunner.java:455)at org.testng.SuiteRunner.runSequentially(SuiteRunner.java:450)at org.testng.SuiteRunner.privateRun(SuiteRunner.java:415)at org.testng.SuiteRunner.run(SuiteRunner.java:364)at org.testng.SuiteRunnerWorker.runSuite(SuiteRunnerWorker.java:52)at org.testng.SuiteRunnerWorker.run(SuiteRunnerWorker.java:84)at org.testng.TestNG.runSuitesSequentially(TestNG.java:1187)at org.testng.TestNG.runSuitesLocally(TestNG.java:1116)at org.testng.TestNG.runSuites(TestNG.java:1028)at org.testng.TestNG.run(TestNG.java:996)at org.testng.remote.AbstractRemoteTestNG.run(AbstractRemoteTestNG.java:115)at org.testng.remote.RemoteTestNG.initAndRun(RemoteTestNG.java:251)at org.testng.remote.RemoteTestNG.main(RemoteTestNG.java:77)]]>
            </full-stacktrace>
          </exception> <!-- java.lang.AssertionError -->
          <reporter-output>
          </reporter-output>
        </test-method> <!-- ValidateStatusCodeGetUsersResponseBody -->
        <test-method signature="ValidateStatusCodeGetUsersResponseBody()[pri:0, instance:com.api.tests.TestAPIScript@301eda63]" started-at="2023-04-13T13:03:12Z" name="ValidateStatusCodeGetUsersResponseBody" description="Validate response body &amp; status code for Get User endpoint" finished-at="2023-04-13T13:03:12Z" duration-ms="141" status="SKIP">
          <exception class="java.lang.AssertionError">
            <message>
              <![CDATA[expected [201] but found [200]]]>
            </message>
            <full-stacktrace>
              <![CDATA[java.lang.AssertionError: expected [201] but found [200]at org.testng.Assert.fail(Assert.java:96)at org.testng.Assert.failNotEquals(Assert.java:776)at org.testng.Assert.assertEqualsImpl(Assert.java:137)at org.testng.Assert.assertEquals(Assert.java:118)at org.testng.Assert.assertEquals(Assert.java:652)at org.testng.Assert.assertEquals(Assert.java:662)at com.api.tests.TestAPIScript.ValidateStatusCodeGetUsersResponseBody(TestAPIScript.java:45)at java.base/jdk.internal.reflect.NativeMethodAccessorImpl.invoke0(Native Method)at java.base/jdk.internal.reflect.NativeMethodAccessorImpl.invoke(NativeMethodAccessorImpl.java:77)at java.base/jdk.internal.reflect.DelegatingMethodAccessorImpl.invoke(DelegatingMethodAccessorImpl.java:43)at java.base/java.lang.reflect.Method.invoke(Method.java:568)at org.testng.internal.MethodInvocationHelper.invokeMethod(MethodInvocationHelper.java:124)at org.testng.internal.Invoker.invokeMethod(Invoker.java:571)at org.testng.internal.Invoker.retryFailed(Invoker.java:829)at org.testng.internal.Invoker.invokeTestMethods(Invoker.java:1000)at org.testng.internal.TestMethodWorker.invokeTestMethods(TestMethodWorker.java:125)at org.testng.internal.TestMethodWorker.run(TestMethodWorker.java:109)at org.testng.TestRunner.privateRun(TestRunner.java:648)at org.testng.TestRunner.run(TestRunner.java:505)at org.testng.SuiteRunner.runTest(SuiteRunner.java:455)at org.testng.SuiteRunner.runSequentially(SuiteRunner.java:450)at org.testng.SuiteRunner.privateRun(SuiteRunner.java:415)at org.testng.SuiteRunner.run(SuiteRunner.java:364)at org.testng.SuiteRunnerWorker.runSuite(SuiteRunnerWorker.java:52)at org.testng.SuiteRunnerWorker.run(SuiteRunnerWorker.java:84)at org.testng.TestNG.runSuitesSequentially(TestNG.java:1187)at org.testng.TestNG.runSuitesLocally(TestNG.java:1116)at org.testng.TestNG.runSuites(TestNG.java:1028)at org.testng.TestNG.run(TestNG.java:996)at org.testng.remote.AbstractRemoteTestNG.run(AbstractRemoteTestNG.java:115)at org.testng.remote.RemoteTestNG.initAndRun(RemoteTestNG.java:251)at org.testng.remote.RemoteTestNG.main(RemoteTestNG.java:77)]]>
            </full-stacktrace>
          </exception> <!-- java.lang.AssertionError -->
          <reporter-output>
          </reporter-output>
        </test-method> <!-- ValidateStatusCodeGetUsersResponseBody -->
        <test-method is-config="true" signature="getResult(org.testng.ITestResult)[pri:0, instance:com.api.tests.TestAPIScript@301eda63]" started-at="2023-04-13T13:03:12Z" name="getResult" finished-at="2023-04-13T13:03:12Z" duration-ms="0" status="PASS">
          <params>
            <param index="0">
              <value>
                <![CDATA[[TestResult name=ValidateStatusCodeGetUsersResponseBody status=SKIP method=TestAPIScript.ValidateStatusCodeGetUsersResponseBody()[pri:0, instance:com.api.tests.TestAPIScript@301eda63] output={null}]]]>
              </value>
            </param>
          </params>
          <reporter-output>
          </reporter-output>
        </test-method> <!-- getResult -->
        <test-method is-config="true" signature="getResult(org.testng.ITestResult)[pri:0, instance:com.api.tests.TestAPIScript@301eda63]" started-at="2023-04-13T13:03:12Z" name="getResult" finished-at="2023-04-13T13:03:12Z" duration-ms="1" status="PASS">
          <params>
            <param index="0">
              <value>
                <![CDATA[[TestResult name=ValidateStatusCodeGetUsersResponseBody status=SKIP method=TestAPIScript.ValidateStatusCodeGetUsersResponseBody()[pri:0, instance:com.api.tests.TestAPIScript@301eda63] output={null}]]]>
              </value>
            </param>
          </params>
          <reporter-output>
          </reporter-output>
        </test-method> <!-- getResult -->
        <test-method signature="ValidateStatusCodeGetUsersResponseBody()[pri:0, instance:com.api.tests.TestAPIScript@301eda63]" started-at="2023-04-13T13:03:12Z" name="ValidateStatusCodeGetUsersResponseBody" description="Validate response body &amp; status code for Get User endpoint" finished-at="2023-04-13T13:03:12Z" duration-ms="151" status="SKIP">
          <exception class="java.lang.AssertionError">
            <message>
              <![CDATA[expected [201] but found [200]]]>
            </message>
            <full-stacktrace>
              <![CDATA[java.lang.AssertionError: expected [201] but found [200]at org.testng.Assert.fail(Assert.java:96)at org.testng.Assert.failNotEquals(Assert.java:776)at org.testng.Assert.assertEqualsImpl(Assert.java:137)at org.testng.Assert.assertEquals(Assert.java:118)at org.testng.Assert.assertEquals(Assert.java:652)at org.testng.Assert.assertEquals(Assert.java:662)at com.api.tests.TestAPIScript.ValidateStatusCodeGetUsersResponseBody(TestAPIScript.java:45)at java.base/jdk.internal.reflect.NativeMethodAccessorImpl.invoke0(Native Method)at java.base/jdk.internal.reflect.NativeMethodAccessorImpl.invoke(NativeMethodAccessorImpl.java:77)at java.base/jdk.internal.reflect.DelegatingMethodAccessorImpl.invoke(DelegatingMethodAccessorImpl.java:43)at java.base/java.lang.reflect.Method.invoke(Method.java:568)at org.testng.internal.MethodInvocationHelper.invokeMethod(MethodInvocationHelper.java:124)at org.testng.internal.Invoker.invokeMethod(Invoker.java:571)at org.testng.internal.Invoker.retryFailed(Invoker.java:829)at org.testng.internal.Invoker.invokeTestMethods(Invoker.java:1000)at org.testng.internal.TestMethodWorker.invokeTestMethods(TestMethodWorker.java:125)at org.testng.internal.TestMethodWorker.run(TestMethodWorker.java:109)at org.testng.TestRunner.privateRun(TestRunner.java:648)at org.testng.TestRunner.run(TestRunner.java:505)at org.testng.SuiteRunner.runTest(SuiteRunner.java:455)at org.testng.SuiteRunner.runSequentially(SuiteRunner.java:450)at org.testng.SuiteRunner.privateRun(SuiteRunner.java:415)at org.testng.SuiteRunner.run(SuiteRunner.java:364)at org.testng.SuiteRunnerWorker.runSuite(SuiteRunnerWorker.java:52)at org.testng.SuiteRunnerWorker.run(SuiteRunnerWorker.java:84)at org.testng.TestNG.runSuitesSequentially(TestNG.java:1187)at org.testng.TestNG.runSuitesLocally(TestNG.java:1116)at org.testng.TestNG.runSuites(TestNG.java:1028)at org.testng.TestNG.run(TestNG.java:996)at org.testng.remote.AbstractRemoteTestNG.run(AbstractRemoteTestNG.java:115)at org.testng.remote.RemoteTestNG.initAndRun(RemoteTestNG.java:251)at org.testng.remote.RemoteTestNG.main(RemoteTestNG.java:77)]]>
            </full-stacktrace>
          </exception> <!-- java.lang.AssertionError -->
          <reporter-output>
          </reporter-output>
        </test-method> <!-- ValidateStatusCodeGetUsersResponseBody -->
        <test-method signature="ValidateStatusCodeGetUsersResponseBody()[pri:0, instance:com.api.tests.TestAPIScript@301eda63]" started-at="2023-04-13T13:03:12Z" name="ValidateStatusCodeGetUsersResponseBody" description="Validate response body &amp; status code for Get User endpoint" finished-at="2023-04-13T13:03:12Z" duration-ms="166" status="FAIL">
          <exception class="java.lang.AssertionError">
            <message>
              <![CDATA[expected [201] but found [200]]]>
            </message>
            <full-stacktrace>
              <![CDATA[java.lang.AssertionError: expected [201] but found [200]at org.testng.Assert.fail(Assert.java:96)at org.testng.Assert.failNotEquals(Assert.java:776)at org.testng.Assert.assertEqualsImpl(Assert.java:137)at org.testng.Assert.assertEquals(Assert.java:118)at org.testng.Assert.assertEquals(Assert.java:652)at org.testng.Assert.assertEquals(Assert.java:662)at com.api.tests.TestAPIScript.ValidateStatusCodeGetUsersResponseBody(TestAPIScript.java:45)at java.base/jdk.internal.reflect.NativeMethodAccessorImpl.invoke0(Native Method)at java.base/jdk.internal.reflect.NativeMethodAccessorImpl.invoke(NativeMethodAccessorImpl.java:77)at java.base/jdk.internal.reflect.DelegatingMethodAccessorImpl.invoke(DelegatingMethodAccessorImpl.java:43)at java.base/java.lang.reflect.Method.invoke(Method.java:568)at org.testng.internal.MethodInvocationHelper.invokeMethod(MethodInvocationHelper.java:124)at org.testng.internal.Invoker.invokeMethod(Invoker.java:571)at org.testng.internal.Invoker.retryFailed(Invoker.java:829)at org.testng.internal.Invoker.invokeTestMethods(Invoker.java:1000)at org.testng.internal.TestMethodWorker.invokeTestMethods(TestMethodWorker.java:125)at org.testng.internal.TestMethodWorker.run(TestMethodWorker.java:109)at org.testng.TestRunner.privateRun(TestRunner.java:648)at org.testng.TestRunner.run(TestRunner.java:505)at org.testng.SuiteRunner.runTest(SuiteRunner.java:455)at org.testng.SuiteRunner.runSequentially(SuiteRunner.java:450)at org.testng.SuiteRunner.privateRun(SuiteRunner.java:415)at org.testng.SuiteRunner.run(SuiteRunner.java:364)at org.testng.SuiteRunnerWorker.runSuite(SuiteRunnerWorker.java:52)at org.testng.SuiteRunnerWorker.run(SuiteRunnerWorker.java:84)at org.testng.TestNG.runSuitesSequentially(TestNG.java:1187)at org.testng.TestNG.runSuitesLocally(TestNG.java:1116)at org.testng.TestNG.runSuites(TestNG.java:1028)at org.testng.TestNG.run(TestNG.java:996)at org.testng.remote.AbstractRemoteTestNG.run(AbstractRemoteTestNG.java:115)at org.testng.remote.RemoteTestNG.initAndRun(RemoteTestNG.java:251)at org.testng.remote.RemoteTestNG.main(RemoteTestNG.java:77)]]>
            </full-stacktrace>
          </exception> <!-- java.lang.AssertionError -->
          <reporter-output>
          </reporter-output>
        </test-method> <!-- ValidateStatusCodeGetUsersResponseBody -->
        <test-method is-config="true" signature="getResult(org.testng.ITestResult)[pri:0, instance:com.api.tests.TestAPIScript@301eda63]" started-at="2023-04-13T13:03:12Z" name="getResult" finished-at="2023-04-13T13:03:12Z" duration-ms="0" status="PASS">
          <params>
            <param index="0">
              <value>
                <![CDATA[[TestResult name=ValidateStatusCodeGetUsersResponseBody status=SKIP method=TestAPIScript.ValidateStatusCodeGetUsersResponseBody()[pri:0, instance:com.api.tests.TestAPIScript@301eda63] output={null}]]]>
              </value>
            </param>
          </params>
          <reporter-output>
          </reporter-output>
        </test-method> <!-- getResult -->
        <test-method is-config="true" signature="getResult(org.testng.ITestResult)[pri:0, instance:com.api.tests.TestAPIScript@301eda63]" started-at="2023-04-13T13:03:12Z" name="getResult" finished-at="2023-04-13T13:03:12Z" duration-ms="0" status="PASS">
          <params>
            <param index="0">
              <value>
                <![CDATA[[TestResult name=ValidateStatusCodeGetUsersResponseBody status=FAILURE method=TestAPIScript.ValidateStatusCodeGetUsersResponseBody()[pri:0, instance:com.api.tests.TestAPIScript@301eda63] output={null}]]]>
              </value>
            </param>
          </params>
          <reporter-output>
          </reporter-output>
        </test-method> <!-- getResult -->
        <test-method signature="ValidateStatusCodePathParams()[pri:0, instance:com.api.tests.TestAPIScript@301eda63]" started-at="2023-04-13T13:03:12Z" name="ValidateStatusCodePathParams" description="Validate status code for Get Users using PathParam" finished-at="2023-04-13T13:03:12Z" duration-ms="201" status="PASS">
          <reporter-output>
          </reporter-output>
        </test-method> <!-- ValidateStatusCodePathParams -->
        <test-method is-config="true" signature="getResult(org.testng.ITestResult)[pri:0, instance:com.api.tests.TestAPIScript@301eda63]" started-at="2023-04-13T13:03:12Z" name="getResult" finished-at="2023-04-13T13:03:12Z" duration-ms="0" status="PASS">
          <params>
            <param index="0">
              <value>
                <![CDATA[[TestResult name=ValidateStatusCodePathParams status=SUCCESS method=TestAPIScript.ValidateStatusCodePathParams()[pri:0, instance:com.api.tests.TestAPIScript@301eda63] output={null}]]]>
              </value>
            </param>
          </params>
          <reporter-output>
          </reporter-output>
        </test-method> <!-- getResult -->
        <test-method is-config="true" signature="endReport()[pri:0, instance:com.api.tests.TestAPIScript@301eda63]" started-at="2023-04-13T13:03:12Z" name="endReport" finished-at="2023-04-13T13:03:12Z" duration-ms="130" status="PASS">
          <reporter-output>
          </reporter-output>
        </test-method> <!-- endReport -->
      </class> <!-- com.api.tests.TestAPIScript -->
    </test> <!-- Automation Test Cases -->
  </suite> <!-- API Automation Smoke Suite -->
</testng-results>
